<?xml version="1.0" encoding="UTF-8"?>
<!-- Generated by org.testng.reporters.JUnitReportReporter -->
<testsuite skipped="0" hostname="shumet" name="Academy.HomePageTest" tests="2" failures="0" timestamp="2022-09-13T09:18:20 PDT" time="15.892" errors="0">
  <testcase name="LoginTest" time="3.722" classname="Academy.HomePageTest"/>
  <system-out/>
  <testcase name="LoginTest" time="12.170" classname="Academy.HomePageTest"/>
  <system-out/>
</testsuite> <!-- Academy.HomePageTest -->
