<?xml version="1.0" encoding="UTF-8"?>
<!-- Generated by org.testng.reporters.JUnitReportReporter -->
<testsuite hostname="shumet" name="Academy.HomePageTest" tests="2" failures="0" timestamp="27 Aug 2022 06:01:36 GMT" time="17.028" errors="0">
  <testcase name="LoginTest" time="13.156" classname="Academy.HomePageTest"/>
  <testcase name="LoginTest" time="3.872" classname="Academy.HomePageTest"/>
</testsuite> <!-- Academy.HomePageTest -->
